Running Uniform Distribution
    88 1
    105 0
    101 0
    101 0
    104 0
    88 2
    94 3
    93 1
    116 4
    99 0
    104 3
    108 2
    100 3
    96 0
    98 0
    104 6
    98 2
    87 1
    90 1
    108 3
    91 2
    90 1
    111 5
    99 4
    92 0
    93 3
    110 2
    107 3
    107 2
    105 2
    86 1
    108 0
    108 1
    90 1
    94 2
    100 1
    97 0
    110 3
    100 1
    99 1
    99 3
    121 3
    97 1
    86 9
    86 1
    102 5
    109 4
    101 2
    114 2
    94 0
    100 0
    85 2
    95 2
    104 0
    94 4
    99 1
    99 0
    87 1
    99 2
    104 3
    93 4
    92 4
    111 2
    105 5
    93 3
    83 2
    98 1
    95 3
    92 3
    108 2
    93 1
    111 1
    102 2
    92 1
    88 4
    102 0
    112 1
    111 1
    100 0
    103 3
    105 1
    80 0
    86 3
    101 4
    102 1
    109 4
    84 3
    106 3
    97 3
    84 1
    100 2
    113 4
    101 2
    118 2
    101 1
    105 2
    82 2
    86 2
    106 4
    104 0
    92 1

Running Binomial Distribution
    88 1
    105 0
    101 0
    101 0
    104 0
    88 2
    94 3
    93 1
    116 4
    99 0
    104 3
    108 2
    100 3
    96 0
    98 0
    104 6
    98 2
    87 1
    90 1
    108 3
    91 2
    90 1
    111 5
    99 4
    92 0
    93 3
    110 2
    107 3
    107 2
    105 2
    86 1
    109 4
    110 7
    93 3
    100 5
    104 2
    119 7
    131 8
    137 6
    169 4
    201 15
    287 5
    285 7
    392 14
    474 6
    615 8
    676 12
    744 6
    861 9
    856 8
    879 7
    840 8
    897 8
    739 7
    703 9
    572 10
    511 9
    397 8
    323 11
    268 8
    212 7
    169 8
    135 10
    133 9
    116 8
    95 6
    101 2
    97 6
    92 3
    109 4
    93 1
    111 1
    102 2
    92 1
    88 4
    102 0
    112 1
    111 1
    100 0
    103 3
    105 1
    80 0
    86 3
    101 4
    102 1
    109 4
    84 3
    106 3
    97 3
    84 1
    100 2
    113 4
    101 2
    118 2
    101 1
    105 2
    82 2
    86 2
    106 4
    104 0
    92 1
