Running Uniform Distribution
    104 3
    89 2
    79 1
    82 2
    110 0
    111 3
    90 2
    114 3
    112 2
    104 4
    100 1
    85 2
    104 0
    115 2
    124 1
    96 0
    109 0
    83 4
    98 2
    98 4
    91 1
    95 4
    112 0
    107 1
    96 4
    86 1
    101 2
    125 2
    97 2
    91 0
    125 1
    87 1
    92 2
    82 0
    95 7
    96 1
    116 3
    89 1
    101 1
    93 5
    96 4
    98 3
    121 2
    116 1
    105 1
    105 2
    92 1
    101 1
    102 2
    107 0
    91 2
    80 3
    102 0
    108 0
    106 2
    73 3
    100 4
    96 4
    104 3
    102 1
    99 2
    104 2
    120 1
    89 0
    100 1
    93 3
    81 1
    87 2
    100 4
    94 2
    86 0
    104 3
    83 0
    106 4
    87 3
    93 1
    106 3
    96 4
    90 1
    99 0
    100 0
    108 1
    89 3
    84 2
    105 2
    85 2
    90 1
    109 3
    95 1
    104 2
    102 1
    96 5
    108 4
    118 2
    119 3
    83 2
    98 1
    101 4
    102 1
    104 6
    94 1

Running Binomial Distribution
    104 3
    89 2
    79 1
    82 2
    110 0
    111 3
    90 2
    114 3
    112 2
    104 4
    100 1
    85 2
    104 0
    115 2
    124 1
    96 0
    109 0
    83 4
    98 2
    98 4
    91 1
    95 4
    112 0
    107 1
    96 4
    86 1
    101 2
    125 2
    97 2
    91 0
    125 1
    88 7
    92 2
    84 2
    101 13
    103 7
    138 7
    116 5
    159 7
    162 12
    215 14
    249 6
    331 5
    402 6
    517 3
    608 9
    680 7
    751 6
    854 11
    905 6
    891 6
    862 11
    834 5
    783 9
    644 11
    566 6
    478 13
    382 7
    322 7
    260 4
    201 6
    178 7
    157 7
    118 3
    111 4
    106 5
    85 6
    91 8
    103 11
    96 7
    86 0
    104 3
    83 0
    106 4
    87 3
    93 1
    106 3
    96 4
    90 1
    99 0
    100 0
    108 1
    89 3
    84 2
    105 2
    85 2
    90 1
    109 3
    95 1
    104 2
    102 1
    96 5
    108 4
    118 2
    119 3
    83 2
    98 1
    101 4
    102 1
    104 6
    94 1
